[0.289s] Invoking command in '/home/georg/Dokumente/Turtlebot/dqn_ws/src/dqn': CONDA_PROMPT_MODIFIER=(base) PYTHONPATH=/home/georg/Dokumente/Turtlebot/dqn_ws/install/dqn/lib/python3.6/site-packages:${PYTHONPATH} /usr/bin/python3 setup.py egg_info --egg-base /home/georg/Dokumente/Turtlebot/dqn_ws/build/dqn build --build-base /home/georg/Dokumente/Turtlebot/dqn_ws/build/dqn/build install --prefix /home/georg/Dokumente/Turtlebot/dqn_ws/install/dqn --record /home/georg/Dokumente/Turtlebot/dqn_ws/build/dqn/install.log --single-version-externally-managed
[0.524s] running egg_info
[0.525s] writing /home/georg/Dokumente/Turtlebot/dqn_ws/build/dqn/dqn.egg-info/PKG-INFO
[0.525s] writing dependency_links to /home/georg/Dokumente/Turtlebot/dqn_ws/build/dqn/dqn.egg-info/dependency_links.txt
[0.526s] writing entry points to /home/georg/Dokumente/Turtlebot/dqn_ws/build/dqn/dqn.egg-info/entry_points.txt
[0.526s] writing requirements to /home/georg/Dokumente/Turtlebot/dqn_ws/build/dqn/dqn.egg-info/requires.txt
[0.526s] writing top-level names to /home/georg/Dokumente/Turtlebot/dqn_ws/build/dqn/dqn.egg-info/top_level.txt
[0.565s] reading manifest file '/home/georg/Dokumente/Turtlebot/dqn_ws/build/dqn/dqn.egg-info/SOURCES.txt'
[0.566s] writing manifest file '/home/georg/Dokumente/Turtlebot/dqn_ws/build/dqn/dqn.egg-info/SOURCES.txt'
[0.566s] running build
[0.566s] running build_py
[0.567s] running install
[0.567s] running install_lib
[0.568s] running install_data
[0.568s] running install_egg_info
[0.570s] removing '/home/georg/Dokumente/Turtlebot/dqn_ws/install/dqn/lib/python3.6/site-packages/dqn-0.0.0-py3.6.egg-info' (and everything under it)
[0.571s] Copying /home/georg/Dokumente/Turtlebot/dqn_ws/build/dqn/dqn.egg-info to /home/georg/Dokumente/Turtlebot/dqn_ws/install/dqn/lib/python3.6/site-packages/dqn-0.0.0-py3.6.egg-info
[0.571s] running install_scripts
[0.591s] writing list of installed files to '/home/georg/Dokumente/Turtlebot/dqn_ws/build/dqn/install.log'
[0.614s] Invoked command in '/home/georg/Dokumente/Turtlebot/dqn_ws/src/dqn' returned '0': CONDA_PROMPT_MODIFIER=(base) PYTHONPATH=/home/georg/Dokumente/Turtlebot/dqn_ws/install/dqn/lib/python3.6/site-packages:${PYTHONPATH} /usr/bin/python3 setup.py egg_info --egg-base /home/georg/Dokumente/Turtlebot/dqn_ws/build/dqn build --build-base /home/georg/Dokumente/Turtlebot/dqn_ws/build/dqn/build install --prefix /home/georg/Dokumente/Turtlebot/dqn_ws/install/dqn --record /home/georg/Dokumente/Turtlebot/dqn_ws/build/dqn/install.log --single-version-externally-managed
