[0.528s] running egg_info
[0.528s] writing /home/georg/Dokumente/Turtlebot/dqn_ws/build/dqn/dqn.egg-info/PKG-INFO
[0.529s] writing dependency_links to /home/georg/Dokumente/Turtlebot/dqn_ws/build/dqn/dqn.egg-info/dependency_links.txt
[0.529s] writing entry points to /home/georg/Dokumente/Turtlebot/dqn_ws/build/dqn/dqn.egg-info/entry_points.txt
[0.529s] writing requirements to /home/georg/Dokumente/Turtlebot/dqn_ws/build/dqn/dqn.egg-info/requires.txt
[0.529s] writing top-level names to /home/georg/Dokumente/Turtlebot/dqn_ws/build/dqn/dqn.egg-info/top_level.txt
[0.565s] reading manifest file '/home/georg/Dokumente/Turtlebot/dqn_ws/build/dqn/dqn.egg-info/SOURCES.txt'
[0.566s] writing manifest file '/home/georg/Dokumente/Turtlebot/dqn_ws/build/dqn/dqn.egg-info/SOURCES.txt'
[0.566s] running build
[0.566s] running build_py
[0.567s] copying dqn/dqn_ex.py -> /home/georg/Dokumente/Turtlebot/dqn_ws/build/dqn/build/lib/dqn
[0.567s] running install
[0.567s] running install_lib
[0.568s] copying /home/georg/Dokumente/Turtlebot/dqn_ws/build/dqn/build/lib/dqn/dqn_ex.py -> /home/georg/Dokumente/Turtlebot/dqn_ws/install/dqn/lib/python3.6/site-packages/dqn
[0.568s] byte-compiling /home/georg/Dokumente/Turtlebot/dqn_ws/install/dqn/lib/python3.6/site-packages/dqn/dqn_ex.py to dqn_ex.cpython-36.pyc
[0.569s] running install_data
[0.569s] running install_egg_info
[0.571s] removing '/home/georg/Dokumente/Turtlebot/dqn_ws/install/dqn/lib/python3.6/site-packages/dqn-0.0.0-py3.6.egg-info' (and everything under it)
[0.571s] Copying /home/georg/Dokumente/Turtlebot/dqn_ws/build/dqn/dqn.egg-info to /home/georg/Dokumente/Turtlebot/dqn_ws/install/dqn/lib/python3.6/site-packages/dqn-0.0.0-py3.6.egg-info
[0.572s] running install_scripts
[0.591s] Installing talker script to /home/georg/Dokumente/Turtlebot/dqn_ws/install/dqn/lib/dqn
[0.592s] writing list of installed files to '/home/georg/Dokumente/Turtlebot/dqn_ws/build/dqn/install.log'
