[0.513s] Invoking command in '/home/georg/Dokumente/Turtlebot/dqn_ws/src/dqn': CONDA_PROMPT_MODIFIER=(base) PYTHONPATH=/home/georg/Dokumente/Turtlebot/dqn_ws/install/dqn/lib/python3.6/site-packages:${PYTHONPATH} /usr/bin/python3 setup.py egg_info --egg-base /home/georg/Dokumente/Turtlebot/dqn_ws/build/dqn build --build-base /home/georg/Dokumente/Turtlebot/dqn_ws/build/dqn/build install --prefix /home/georg/Dokumente/Turtlebot/dqn_ws/install/dqn --record /home/georg/Dokumente/Turtlebot/dqn_ws/build/dqn/install.log --single-version-externally-managed
[0.910s] running egg_info
[0.912s] writing /home/georg/Dokumente/Turtlebot/dqn_ws/build/dqn/dqn.egg-info/PKG-INFO
[0.912s] writing dependency_links to /home/georg/Dokumente/Turtlebot/dqn_ws/build/dqn/dqn.egg-info/dependency_links.txt
[0.912s] writing entry points to /home/georg/Dokumente/Turtlebot/dqn_ws/build/dqn/dqn.egg-info/entry_points.txt
[0.912s] writing requirements to /home/georg/Dokumente/Turtlebot/dqn_ws/build/dqn/dqn.egg-info/requires.txt
[0.913s] writing top-level names to /home/georg/Dokumente/Turtlebot/dqn_ws/build/dqn/dqn.egg-info/top_level.txt
[0.980s] reading manifest file '/home/georg/Dokumente/Turtlebot/dqn_ws/build/dqn/dqn.egg-info/SOURCES.txt'
[0.982s] writing manifest file '/home/georg/Dokumente/Turtlebot/dqn_ws/build/dqn/dqn.egg-info/SOURCES.txt'
[0.983s] running build
[0.983s] running build_py
[0.984s] copying dqn/turtlebot.py -> /home/georg/Dokumente/Turtlebot/dqn_ws/build/dqn/build/lib/dqn
[0.984s] running install
[0.985s] running install_lib
[0.987s] copying /home/georg/Dokumente/Turtlebot/dqn_ws/build/dqn/build/lib/dqn/turtlebot.py -> /home/georg/Dokumente/Turtlebot/dqn_ws/install/dqn/lib/python3.6/site-packages/dqn
[0.988s] byte-compiling /home/georg/Dokumente/Turtlebot/dqn_ws/install/dqn/lib/python3.6/site-packages/dqn/turtlebot.py to turtlebot.cpython-36.pyc
[0.991s] running install_data
[0.992s] running install_egg_info
[0.995s] removing '/home/georg/Dokumente/Turtlebot/dqn_ws/install/dqn/lib/python3.6/site-packages/dqn-0.0.0-py3.6.egg-info' (and everything under it)
[0.995s] Copying /home/georg/Dokumente/Turtlebot/dqn_ws/build/dqn/dqn.egg-info to /home/georg/Dokumente/Turtlebot/dqn_ws/install/dqn/lib/python3.6/site-packages/dqn-0.0.0-py3.6.egg-info
[0.996s] running install_scripts
[1.029s] Installing turtlebot script to /home/georg/Dokumente/Turtlebot/dqn_ws/install/dqn/lib/dqn
[1.029s] writing list of installed files to '/home/georg/Dokumente/Turtlebot/dqn_ws/build/dqn/install.log'
[1.077s] Invoked command in '/home/georg/Dokumente/Turtlebot/dqn_ws/src/dqn' returned '0': CONDA_PROMPT_MODIFIER=(base) PYTHONPATH=/home/georg/Dokumente/Turtlebot/dqn_ws/install/dqn/lib/python3.6/site-packages:${PYTHONPATH} /usr/bin/python3 setup.py egg_info --egg-base /home/georg/Dokumente/Turtlebot/dqn_ws/build/dqn build --build-base /home/georg/Dokumente/Turtlebot/dqn_ws/build/dqn/build install --prefix /home/georg/Dokumente/Turtlebot/dqn_ws/install/dqn --record /home/georg/Dokumente/Turtlebot/dqn_ws/build/dqn/install.log --single-version-externally-managed
