[0.283s] Invoking command in '/home/georg/Dokumente/Turtlebot/dqn_ws/src/dqn': CONDA_PROMPT_MODIFIER=(base) PYTHONPATH=/home/georg/Dokumente/Turtlebot/dqn_ws/install/dqn/lib/python3.6/site-packages:${PYTHONPATH} /usr/bin/python3 setup.py egg_info --egg-base /home/georg/Dokumente/Turtlebot/dqn_ws/build/dqn build --build-base /home/georg/Dokumente/Turtlebot/dqn_ws/build/dqn/build install --prefix /home/georg/Dokumente/Turtlebot/dqn_ws/install/dqn --record /home/georg/Dokumente/Turtlebot/dqn_ws/build/dqn/install.log --single-version-externally-managed
[0.515s] running egg_info
[0.515s] writing /home/georg/Dokumente/Turtlebot/dqn_ws/build/dqn/dqn.egg-info/PKG-INFO
[0.516s] writing dependency_links to /home/georg/Dokumente/Turtlebot/dqn_ws/build/dqn/dqn.egg-info/dependency_links.txt
[0.516s] writing entry points to /home/georg/Dokumente/Turtlebot/dqn_ws/build/dqn/dqn.egg-info/entry_points.txt
[0.516s] writing requirements to /home/georg/Dokumente/Turtlebot/dqn_ws/build/dqn/dqn.egg-info/requires.txt
[0.516s] writing top-level names to /home/georg/Dokumente/Turtlebot/dqn_ws/build/dqn/dqn.egg-info/top_level.txt
[0.551s] reading manifest file '/home/georg/Dokumente/Turtlebot/dqn_ws/build/dqn/dqn.egg-info/SOURCES.txt'
[0.552s] writing manifest file '/home/georg/Dokumente/Turtlebot/dqn_ws/build/dqn/dqn.egg-info/SOURCES.txt'
[0.553s] running build
[0.553s] running build_py
[0.553s] running install
[0.553s] running install_lib
[0.554s] running install_data
[0.555s] running install_egg_info
[0.557s] removing '/home/georg/Dokumente/Turtlebot/dqn_ws/install/dqn/lib/python3.6/site-packages/dqn-0.0.0-py3.6.egg-info' (and everything under it)
[0.557s] Copying /home/georg/Dokumente/Turtlebot/dqn_ws/build/dqn/dqn.egg-info to /home/georg/Dokumente/Turtlebot/dqn_ws/install/dqn/lib/python3.6/site-packages/dqn-0.0.0-py3.6.egg-info
[0.558s] running install_scripts
[0.577s] Installing dqn script to /home/georg/Dokumente/Turtlebot/dqn_ws/install/dqn/lib/dqn
[0.577s] writing list of installed files to '/home/georg/Dokumente/Turtlebot/dqn_ws/build/dqn/install.log'
[0.600s] Invoked command in '/home/georg/Dokumente/Turtlebot/dqn_ws/src/dqn' returned '0': CONDA_PROMPT_MODIFIER=(base) PYTHONPATH=/home/georg/Dokumente/Turtlebot/dqn_ws/install/dqn/lib/python3.6/site-packages:${PYTHONPATH} /usr/bin/python3 setup.py egg_info --egg-base /home/georg/Dokumente/Turtlebot/dqn_ws/build/dqn build --build-base /home/georg/Dokumente/Turtlebot/dqn_ws/build/dqn/build install --prefix /home/georg/Dokumente/Turtlebot/dqn_ws/install/dqn --record /home/georg/Dokumente/Turtlebot/dqn_ws/build/dqn/install.log --single-version-externally-managed
